INFO 2024-05-12 22:37:50 - run_lstm.py:103 - ----------------------------
INFO 2024-05-12 22:37:50 - run_lstm.py:104 - epoch: 0/30
INFO 2024-05-12 22:37:52 - run_lstm.py:145 - batch: 0, torch_loss: 0.6933618783950806, ms_loss: 0.6933612823486328, torch_memory: 6302.658344268799MB, ms_memory:  8160.030471801758MB, torch_time: 0.07314300537109375, ms_time:  2.1601462364196777
INFO 2024-05-12 22:38:04 - run_lstm.py:145 - batch: 3200, torch_loss: 0.7042570114135742, ms_loss: 0.7048789262771606, torch_memory: 8164.5112380981445MB, ms_memory:  8164.5151443481445MB, torch_time: 0.06938719749450684, ms_time:  0.04999041557312012
INFO 2024-05-12 22:38:16 - run_lstm.py:145 - batch: 6400, torch_loss: 0.6918439865112305, ms_loss: 0.6339541673660278, torch_memory: 8164.679042816162MB, ms_memory:  8164.679042816162MB, torch_time: 0.0698080062866211, ms_time:  0.049913644790649414
INFO 2024-05-12 22:38:16 - run_lstm.py:164 - epoch: 0, torch_loss_avg: 0.6933469605445862, ms_loss_avg: 0.692139744758606, torch_memory_avg: 8164.679042816162MB, ms_memory_avg:  8164.679042816162MB, torch_time_avg: 0.0698080062866211, ms_time_avg:  0.049913644790649414
INFO 2024-05-12 22:38:58 - run_lstm.py:188 - Mindspore Test Accuracy: 0.5522567221510883% Pytorch Test Accuracy: 0.5044814340588989%
INFO 2024-05-12 22:38:58 - run_lstm.py:103 - ----------------------------
INFO 2024-05-12 22:38:58 - run_lstm.py:104 - epoch: 1/30
INFO 2024-05-12 22:38:58 - run_lstm.py:145 - batch: 0, torch_loss: 0.693981945514679, ms_loss: 0.7696576118469238, torch_memory: 8265.837970733643MB, ms_memory:  8265.837970733643MB, torch_time: 0.0703122615814209, ms_time:  0.051595211029052734
INFO 2024-05-12 22:39:10 - run_lstm.py:145 - batch: 3200, torch_loss: 0.6848393082618713, ms_loss: 0.7171513438224792, torch_memory: 8265.896507263184MB, ms_memory:  8265.896507263184MB, torch_time: 0.061686038970947266, ms_time:  0.04900360107421875
INFO 2024-05-12 22:39:21 - run_lstm.py:145 - batch: 6400, torch_loss: 0.6918197870254517, ms_loss: 0.6279531717300415, torch_memory: 8265.966751098633MB, ms_memory:  8265.966751098633MB, torch_time: 0.06190776824951172, ms_time:  0.048911333084106445
INFO 2024-05-12 22:39:21 - run_lstm.py:164 - epoch: 1, torch_loss_avg: 0.6928722989559174, ms_loss_avg: 0.676455557346344, torch_memory_avg: 8265.966751098633MB, ms_memory_avg:  8265.966751098633MB, torch_time_avg: 0.06190776824951172, ms_time_avg:  0.048911333084106445
INFO 2024-05-12 22:39:56 - run_lstm.py:188 - Mindspore Test Accuracy: 0.6380841869398207% Pytorch Test Accuracy: 0.5181258002560819%
INFO 2024-05-12 22:39:56 - run_lstm.py:103 - ----------------------------
INFO 2024-05-12 22:39:56 - run_lstm.py:104 - epoch: 2/30
INFO 2024-05-12 22:39:56 - run_lstm.py:145 - batch: 0, torch_loss: 0.693128228187561, ms_loss: 0.6919758319854736, torch_memory: 8266.458457946777MB, ms_memory:  8266.462364196777MB, torch_time: 0.062401533126831055, ms_time:  0.051294803619384766
INFO 2024-05-12 22:40:08 - run_lstm.py:145 - batch: 3200, torch_loss: 0.6943334341049194, ms_loss: 0.7021368741989136, torch_memory: 8266.501384735107MB, ms_memory:  8266.501384735107MB, torch_time: 0.06341433525085449, ms_time:  0.049340248107910156
INFO 2024-05-12 22:40:19 - run_lstm.py:145 - batch: 6400, torch_loss: 0.6918834447860718, ms_loss: 0.8828760981559753, torch_memory: 8266.563823699951MB, ms_memory:  8266.563823699951MB, torch_time: 0.06317663192749023, ms_time:  0.04932045936584473
INFO 2024-05-12 22:40:19 - run_lstm.py:164 - epoch: 2, torch_loss_avg: 0.6928148984909057, ms_loss_avg: 0.6675308346748352, torch_memory_avg: 8266.563823699951MB, ms_memory_avg:  8266.563823699951MB, torch_time_avg: 0.06317663192749023, ms_time_avg:  0.04932045936584473
INFO 2024-05-12 22:40:54 - run_lstm.py:188 - Mindspore Test Accuracy: 0.505401728553137% Pytorch Test Accuracy: 0.5272087067861716%
INFO 2024-05-12 22:40:54 - run_lstm.py:103 - ----------------------------
INFO 2024-05-12 22:40:54 - run_lstm.py:104 - epoch: 3/30
INFO 2024-05-12 22:40:55 - run_lstm.py:145 - batch: 0, torch_loss: 0.6925862431526184, ms_loss: 0.7315332293510437, torch_memory: 8266.641872406006MB, ms_memory:  8266.641872406006MB, torch_time: 0.06253671646118164, ms_time:  0.050084590911865234
INFO 2024-05-12 22:41:06 - run_lstm.py:145 - batch: 3200, torch_loss: 0.6935656666755676, ms_loss: 0.7201576828956604, torch_memory: 8266.669189453125MB, ms_memory:  8266.669189453125MB, torch_time: 0.06312799453735352, ms_time:  0.04925346374511719
INFO 2024-05-12 22:41:15 - run_lstm.py:164 - epoch: 3, torch_loss_avg: 0.6928060017944722, ms_loss_avg: 0.6601446866989136, torch_memory_avg: 8271.61357498169MB, ms_memory_avg:  8271.61357498169MB, torch_time_avg: 0.06258869171142578, ms_time_avg:  0.04941105842590332
INFO 2024-05-12 22:41:50 - run_lstm.py:188 - Mindspore Test Accuracy: 0.6538492317541613% Pytorch Test Accuracy: 0.5326104353393086%
INFO 2024-05-12 22:41:50 - run_lstm.py:103 - ----------------------------
INFO 2024-05-12 22:41:50 - run_lstm.py:104 - epoch: 4/30
INFO 2024-05-12 22:41:50 - run_lstm.py:145 - batch: 0, torch_loss: 0.6908763647079468, ms_loss: 0.5484117269515991, torch_memory: 8271.67601776123MB, ms_memory:  8271.679920196533MB, torch_time: 0.06226396560668945, ms_time:  0.05085134506225586
INFO 2024-05-12 22:42:01 - run_lstm.py:145 - batch: 3200, torch_loss: 0.6973837614059448, ms_loss: 0.8055651187896729, torch_memory: 8271.679916381836MB, ms_memory:  8271.679916381836MB, torch_time: 0.06404352188110352, ms_time:  0.04949760437011719
INFO 2024-05-12 22:42:13 - run_lstm.py:145 - batch: 6400, torch_loss: 0.6949656009674072, ms_loss: 0.6844695806503296, torch_memory: 8271.773574829102MB, ms_memory:  8271.773574829102MB, torch_time: 0.06303143501281738, ms_time:  0.04894304275512695
INFO 2024-05-12 22:42:13 - run_lstm.py:164 - epoch: 4, torch_loss_avg: 0.692388069331646, ms_loss_avg: 0.6322490572929382, torch_memory_avg: 8271.773574829102MB, ms_memory_avg:  8271.773574829102MB, torch_time_avg: 0.06303143501281738, ms_time_avg:  0.04894304275512695
INFO 2024-05-12 22:42:48 - run_lstm.py:188 - Mindspore Test Accuracy: 0.6339228553137004% Pytorch Test Accuracy: 0.5154449423815621%
INFO 2024-05-12 22:42:48 - run_lstm.py:103 - ----------------------------
INFO 2024-05-12 22:42:48 - run_lstm.py:104 - epoch: 5/30
INFO 2024-05-12 22:42:48 - run_lstm.py:145 - batch: 0, torch_loss: 0.6940703392028809, ms_loss: 0.639173686504364, torch_memory: 8271.812599182129MB, ms_memory:  8271.812599182129MB, torch_time: 0.06210517883300781, ms_time:  0.04958939552307129
INFO 2024-05-12 22:42:59 - run_lstm.py:145 - batch: 3200, torch_loss: 0.6907315254211426, ms_loss: 0.5420277118682861, torch_memory: 8271.812599182129MB, ms_memory:  8271.812599182129MB, torch_time: 0.06247878074645996, ms_time:  0.048941850662231445
INFO 2024-05-12 22:43:11 - run_lstm.py:145 - batch: 6400, torch_loss: 0.6893972158432007, ms_loss: 0.6276817917823792, torch_memory: 8271.816501617432MB, ms_memory:  8271.816501617432MB, torch_time: 0.06226944923400879, ms_time:  0.04953598976135254
INFO 2024-05-12 22:43:11 - run_lstm.py:164 - epoch: 5, torch_loss_avg: 0.692322544157505, ms_loss_avg: 0.564384400844574, torch_memory_avg: 8271.816501617432MB, ms_memory_avg:  8271.816501617432MB, torch_time_avg: 0.06226944923400879, ms_time_avg:  0.04953598976135254
INFO 2024-05-12 22:43:46 - run_lstm.py:188 - Mindspore Test Accuracy: 0.7991757362355953% Pytorch Test Accuracy: 0.518645966709347%
INFO 2024-05-12 22:43:46 - run_lstm.py:103 - ----------------------------
INFO 2024-05-12 22:43:46 - run_lstm.py:104 - epoch: 6/30
INFO 2024-05-12 22:43:46 - run_lstm.py:145 - batch: 0, torch_loss: 0.6914848685264587, ms_loss: 0.38512083888053894, torch_memory: 8271.875038146973MB, ms_memory:  8271.878944396973MB, torch_time: 0.06357979774475098, ms_time:  0.05062103271484375
INFO 2024-05-12 22:43:58 - run_lstm.py:145 - batch: 3200, torch_loss: 0.6954175233840942, ms_loss: 0.39156293869018555, torch_memory: 8271.882843017578MB, ms_memory:  8271.882843017578MB, torch_time: 0.06183314323425293, ms_time:  0.04919934272766113
INFO 2024-05-12 22:44:09 - run_lstm.py:145 - batch: 6400, torch_loss: 0.6875609159469604, ms_loss: 0.31478312611579895, torch_memory: 8271.882843017578MB, ms_memory:  8271.882843017578MB, torch_time: 0.061513662338256836, ms_time:  0.049367666244506836
INFO 2024-05-12 22:44:09 - run_lstm.py:164 - epoch: 6, torch_loss_avg: 0.6919950115680694, ms_loss_avg: 0.44020241498947144, torch_memory_avg: 8271.882843017578MB, ms_memory_avg:  8271.882843017578MB, torch_time_avg: 0.061513662338256836, ms_time_avg:  0.049367666244506836
INFO 2024-05-12 22:44:44 - run_lstm.py:188 - Mindspore Test Accuracy: 0.8111795774647887% Pytorch Test Accuracy: 0.5097231113956466%
INFO 2024-05-12 22:44:44 - run_lstm.py:103 - ----------------------------
INFO 2024-05-12 22:44:44 - run_lstm.py:104 - epoch: 7/30
INFO 2024-05-12 22:44:44 - run_lstm.py:145 - batch: 0, torch_loss: 0.6935111880302429, ms_loss: 0.5066443085670471, torch_memory: 8271.9140625MB, ms_memory:  8271.9140625MB, torch_time: 0.06190347671508789, ms_time:  0.05039548873901367
INFO 2024-05-12 22:44:56 - run_lstm.py:145 - batch: 3200, torch_loss: 0.691173255443573, ms_loss: 0.27644845843315125, torch_memory: 8271.9140625MB, ms_memory:  8271.9140625MB, torch_time: 0.06213045120239258, ms_time:  0.049382925033569336
INFO 2024-05-12 22:45:04 - run_lstm.py:164 - epoch: 7, torch_loss_avg: 0.69166029906005, ms_loss_avg: 0.42787250876426697, torch_memory_avg: 8272.56967163086MB, ms_memory_avg:  8272.56967163086MB, torch_time_avg: 0.06229734420776367, ms_time_avg:  0.049104928970336914
INFO 2024-05-12 22:45:40 - run_lstm.py:188 - Mindspore Test Accuracy: 0.8019366197183099% Pytorch Test Accuracy: 0.5538172215108835%
INFO 2024-05-12 22:45:40 - run_lstm.py:103 - ----------------------------
INFO 2024-05-12 22:45:40 - run_lstm.py:104 - epoch: 8/30
INFO 2024-05-12 22:45:40 - run_lstm.py:145 - batch: 0, torch_loss: 0.6856363415718079, ms_loss: 0.36308732628822327, torch_memory: 8272.56967163086MB, ms_memory:  8272.56967163086MB, torch_time: 0.06149768829345703, ms_time:  0.04964303970336914
INFO 2024-05-12 22:45:51 - run_lstm.py:145 - batch: 3200, torch_loss: 0.6885226368904114, ms_loss: 0.30052927136421204, torch_memory: 8272.573574066162MB, ms_memory:  8272.573574066162MB, torch_time: 0.06248617172241211, ms_time:  0.04899716377258301
INFO 2024-05-12 22:46:03 - run_lstm.py:145 - batch: 6400, torch_loss: 0.6983465552330017, ms_loss: 0.38686108589172363, torch_memory: 8272.573574066162MB, ms_memory:  8272.573574066162MB, torch_time: 0.06175708770751953, ms_time:  0.04961729049682617
INFO 2024-05-12 22:46:03 - run_lstm.py:164 - epoch: 8, torch_loss_avg: 0.6914802020788193, ms_loss_avg: 0.4031826853752136, torch_memory_avg: 8272.573574066162MB, ms_memory_avg:  8272.573574066162MB, torch_time_avg: 0.06175708770751953, ms_time_avg:  0.04961729049682617
INFO 2024-05-12 22:46:38 - run_lstm.py:188 - Mindspore Test Accuracy: 0.819822343149808% Pytorch Test Accuracy: 0.5182858514724712%
INFO 2024-05-12 22:46:38 - run_lstm.py:103 - ----------------------------
INFO 2024-05-12 22:46:38 - run_lstm.py:104 - epoch: 9/30
INFO 2024-05-12 22:46:38 - run_lstm.py:145 - batch: 0, torch_loss: 0.6942064166069031, ms_loss: 0.33757999539375305, torch_memory: 8272.573574066162MB, ms_memory:  8272.577480316162MB, torch_time: 0.06253671646118164, ms_time:  0.051286935806274414
INFO 2024-05-12 22:46:50 - run_lstm.py:145 - batch: 3200, torch_loss: 0.6950690150260925, ms_loss: 0.5048907399177551, torch_memory: 8272.577476501465MB, ms_memory:  8272.577476501465MB, torch_time: 0.062450408935546875, ms_time:  0.04976487159729004
INFO 2024-05-12 22:47:01 - run_lstm.py:145 - batch: 6400, torch_loss: 0.6896151900291443, ms_loss: 0.20358414947986603, torch_memory: 8272.577476501465MB, ms_memory:  8272.577476501465MB, torch_time: 0.0615687370300293, ms_time:  0.049538612365722656
INFO 2024-05-12 22:47:01 - run_lstm.py:164 - epoch: 9, torch_loss_avg: 0.6911624336242675, ms_loss_avg: 0.4015940725803375, torch_memory_avg: 8272.577476501465MB, ms_memory_avg:  8272.577476501465MB, torch_time_avg: 0.0615687370300293, ms_time_avg:  0.049538612365722656
INFO 2024-05-12 22:47:36 - run_lstm.py:188 - Mindspore Test Accuracy: 0.8018966069142125% Pytorch Test Accuracy: 0.5472951344430218%
INFO 2024-05-12 22:47:36 - run_lstm.py:103 - ----------------------------
INFO 2024-05-12 22:47:36 - run_lstm.py:104 - epoch: 10/30
INFO 2024-05-12 22:47:37 - run_lstm.py:145 - batch: 0, torch_loss: 0.691074788570404, ms_loss: 0.3848232328891754, torch_memory: 8272.577476501465MB, ms_memory:  8272.577476501465MB, torch_time: 0.062007904052734375, ms_time:  0.05028367042541504
INFO 2024-05-12 22:47:48 - run_lstm.py:145 - batch: 3200, torch_loss: 0.690635085105896, ms_loss: 0.26229602098464966, torch_memory: 8272.577476501465MB, ms_memory:  8272.577476501465MB, torch_time: 0.06943130493164062, ms_time:  0.05029416084289551
INFO 2024-05-12 22:48:00 - run_lstm.py:145 - batch: 6400, torch_loss: 0.6882063150405884, ms_loss: 0.5658794641494751, torch_memory: 8272.577476501465MB, ms_memory:  8272.577476501465MB, torch_time: 0.07073402404785156, ms_time:  0.05012822151184082
INFO 2024-05-12 22:48:00 - run_lstm.py:164 - epoch: 10, torch_loss_avg: 0.6910204896330834, ms_loss_avg: 0.40193888545036316, torch_memory_avg: 8272.577476501465MB, ms_memory_avg:  8272.577476501465MB, torch_time_avg: 0.07073402404785156, ms_time_avg:  0.05012822151184082
INFO 2024-05-12 22:48:42 - run_lstm.py:188 - Mindspore Test Accuracy: 0.8285851472471191% Pytorch Test Accuracy: 0.5080825864276568%
INFO 2024-05-12 22:48:42 - run_lstm.py:103 - ----------------------------
INFO 2024-05-12 22:48:42 - run_lstm.py:104 - epoch: 11/30
INFO 2024-05-12 22:48:42 - run_lstm.py:145 - batch: 0, torch_loss: 0.7001219987869263, ms_loss: 0.3030490577220917, torch_memory: 8272.577476501465MB, ms_memory:  8272.581382751465MB, torch_time: 0.06910896301269531, ms_time:  0.050952911376953125
INFO 2024-05-12 22:48:54 - run_lstm.py:145 - batch: 3200, torch_loss: 0.6990634202957153, ms_loss: 0.47913479804992676, torch_memory: 8272.581378936768MB, ms_memory:  8272.581378936768MB, torch_time: 0.06924557685852051, ms_time:  0.04973483085632324
INFO 2024-05-12 22:49:03 - run_lstm.py:164 - epoch: 11, torch_loss_avg: 0.6900176020820489, ms_loss_avg: 0.3860468566417694, torch_memory_avg: 8272.647720336914MB, ms_memory_avg:  8272.647720336914MB, torch_time_avg: 0.06892895698547363, ms_time_avg:  0.04940032958984375
INFO 2024-05-12 22:49:45 - run_lstm.py:188 - Mindspore Test Accuracy: 0.8053777208706786% Pytorch Test Accuracy: 0.5574183738796414%
INFO 2024-05-12 22:49:45 - run_lstm.py:103 - ----------------------------
INFO 2024-05-12 22:49:45 - run_lstm.py:104 - epoch: 12/30
INFO 2024-05-12 22:49:45 - run_lstm.py:145 - batch: 0, torch_loss: 0.6924798488616943, ms_loss: 0.4269527494907379, torch_memory: 8272.647720336914MB, ms_memory:  8272.647720336914MB, torch_time: 0.06956076622009277, ms_time:  0.04999232292175293
INFO 2024-05-12 22:49:57 - run_lstm.py:145 - batch: 3200, torch_loss: 0.6871027946472168, ms_loss: 0.21362024545669556, torch_memory: 8272.647720336914MB, ms_memory:  8272.647720336914MB, torch_time: 0.07098793983459473, ms_time:  0.04949307441711426
INFO 2024-05-12 22:50:09 - run_lstm.py:145 - batch: 6400, torch_loss: 0.6937494874000549, ms_loss: 0.5876794457435608, torch_memory: 8272.647720336914MB, ms_memory:  8272.647720336914MB, torch_time: 0.07036328315734863, ms_time:  0.04962635040283203
INFO 2024-05-12 22:50:09 - run_lstm.py:164 - epoch: 12, torch_loss_avg: 0.690165174305439, ms_loss_avg: 0.36844781041145325, torch_memory_avg: 8272.647720336914MB, ms_memory_avg:  8272.647720336914MB, torch_time_avg: 0.07036328315734863, ms_time_avg:  0.04962635040283203
INFO 2024-05-12 22:50:50 - run_lstm.py:188 - Mindspore Test Accuracy: 0.8335067221510883% Pytorch Test Accuracy: 0.5472551216389244%
INFO 2024-05-12 22:50:50 - run_lstm.py:103 - ----------------------------
INFO 2024-05-12 22:50:50 - run_lstm.py:104 - epoch: 13/30
INFO 2024-05-12 22:50:51 - run_lstm.py:145 - batch: 0, torch_loss: 0.6804509162902832, ms_loss: 0.3768317401409149, torch_memory: 8272.647720336914MB, ms_memory:  8272.647720336914MB, torch_time: 0.06969189643859863, ms_time:  0.05062079429626465
INFO 2024-05-12 22:51:03 - run_lstm.py:145 - batch: 3200, torch_loss: 0.6976550221443176, ms_loss: 0.30238160490989685, torch_memory: 8272.647720336914MB, ms_memory:  8272.647720336914MB, torch_time: 0.06923317909240723, ms_time:  0.049635887145996094
INFO 2024-05-12 22:51:15 - run_lstm.py:145 - batch: 6400, torch_loss: 0.682431697845459, ms_loss: 0.47236090898513794, torch_memory: 8272.647720336914MB, ms_memory:  8272.647720336914MB, torch_time: 0.06964826583862305, ms_time:  0.049611568450927734
INFO 2024-05-12 22:51:15 - run_lstm.py:164 - epoch: 13, torch_loss_avg: 0.6896027877926827, ms_loss_avg: 0.3771207332611084, torch_memory_avg: 8272.647720336914MB, ms_memory_avg:  8272.647720336914MB, torch_time_avg: 0.06964826583862305, ms_time_avg:  0.049611568450927734
INFO 2024-05-12 22:51:56 - run_lstm.py:188 - Mindspore Test Accuracy: 0.8195422535211268% Pytorch Test Accuracy: 0.5287692061459667%
INFO 2024-05-12 22:51:56 - run_lstm.py:103 - ----------------------------
INFO 2024-05-12 22:51:56 - run_lstm.py:104 - epoch: 14/30
INFO 2024-05-12 22:51:56 - run_lstm.py:145 - batch: 0, torch_loss: 0.6740871071815491, ms_loss: 0.34698906540870667, torch_memory: 8272.67113494873MB, ms_memory:  8272.67113494873MB, torch_time: 0.06188488006591797, ms_time:  0.0504603385925293
INFO 2024-05-12 22:52:07 - run_lstm.py:145 - batch: 3200, torch_loss: 0.6781690716743469, ms_loss: 0.37827691435813904, torch_memory: 8272.67113494873MB, ms_memory:  8272.67113494873MB, torch_time: 0.061920881271362305, ms_time:  0.04954648017883301
INFO 2024-05-12 22:52:18 - run_lstm.py:145 - batch: 6400, torch_loss: 0.6956655979156494, ms_loss: 0.44675642251968384, torch_memory: 8272.67113494873MB, ms_memory:  8272.67113494873MB, torch_time: 0.06253623962402344, ms_time:  0.04955124855041504
INFO 2024-05-12 22:52:18 - run_lstm.py:164 - epoch: 14, torch_loss_avg: 0.6880758747458458, ms_loss_avg: 0.3646928369998932, torch_memory_avg: 8272.67113494873MB, ms_memory_avg:  8272.67113494873MB, torch_time_avg: 0.06253623962402344, ms_time_avg:  0.04955124855041504
INFO 2024-05-12 22:52:54 - run_lstm.py:188 - Mindspore Test Accuracy: 0.8399887964148528% Pytorch Test Accuracy: 0.5304097311139565%
INFO 2024-05-12 22:52:54 - run_lstm.py:103 - ----------------------------
INFO 2024-05-12 22:52:54 - run_lstm.py:104 - epoch: 15/30
INFO 2024-05-12 22:52:54 - run_lstm.py:145 - batch: 0, torch_loss: 0.6802183985710144, ms_loss: 0.25253739953041077, torch_memory: 8272.686744689941MB, ms_memory:  8272.686744689941MB, torch_time: 0.06289458274841309, ms_time:  0.04995441436767578
INFO 2024-05-12 22:53:05 - run_lstm.py:145 - batch: 3200, torch_loss: 0.6908935308456421, ms_loss: 0.28397276997566223, torch_memory: 8272.686744689941MB, ms_memory:  8272.686744689941MB, torch_time: 0.06190156936645508, ms_time:  0.04946708679199219
INFO 2024-05-12 22:53:14 - run_lstm.py:164 - epoch: 15, torch_loss_avg: 0.689035720369789, ms_loss_avg: 0.36353859305381775, torch_memory_avg: 8272.694549560547MB, ms_memory_avg:  8272.694549560547MB, torch_time_avg: 0.06176447868347168, ms_time_avg:  0.04940676689147949
INFO 2024-05-12 22:53:49 - run_lstm.py:188 - Mindspore Test Accuracy: 0.8411491677336748% Pytorch Test Accuracy: 0.5506161971830986%
INFO 2024-05-12 22:53:49 - run_lstm.py:103 - ----------------------------
INFO 2024-05-12 22:53:49 - run_lstm.py:104 - epoch: 16/30
INFO 2024-05-12 22:53:49 - run_lstm.py:145 - batch: 0, torch_loss: 0.6787205934524536, ms_loss: 0.36102625727653503, torch_memory: 8272.694549560547MB, ms_memory:  8272.694549560547MB, torch_time: 0.06185650825500488, ms_time:  0.049958229064941406
INFO 2024-05-12 22:54:00 - run_lstm.py:145 - batch: 3200, torch_loss: 0.6790255904197693, ms_loss: 0.27623453736305237, torch_memory: 8272.69845199585MB, ms_memory:  8272.69845199585MB, torch_time: 0.06180524826049805, ms_time:  0.04891014099121094
INFO 2024-05-12 22:54:12 - run_lstm.py:145 - batch: 6400, torch_loss: 0.6943546533584595, ms_loss: 0.19795002043247223, torch_memory: 8272.69845199585MB, ms_memory:  8272.69845199585MB, torch_time: 0.06153154373168945, ms_time:  0.04930877685546875
INFO 2024-05-12 22:54:12 - run_lstm.py:164 - epoch: 16, torch_loss_avg: 0.6877945014834403, ms_loss_avg: 0.3315421938896179, torch_memory_avg: 8272.69845199585MB, ms_memory_avg:  8272.69845199585MB, torch_time_avg: 0.06153154373168945, ms_time_avg:  0.04930877685546875
INFO 2024-05-12 22:54:47 - run_lstm.py:188 - Mindspore Test Accuracy: 0.8435899487836107% Pytorch Test Accuracy: 0.5493758002560819%
INFO 2024-05-12 22:54:47 - run_lstm.py:103 - ----------------------------
INFO 2024-05-12 22:54:47 - run_lstm.py:104 - epoch: 17/30
INFO 2024-05-12 22:54:47 - run_lstm.py:145 - batch: 0, torch_loss: 0.6878864765167236, ms_loss: 0.30936968326568604, torch_memory: 8272.69845199585MB, ms_memory:  8272.69845199585MB, torch_time: 0.06192421913146973, ms_time:  0.049776554107666016
INFO 2024-05-12 22:54:58 - run_lstm.py:145 - batch: 3200, torch_loss: 0.6782520413398743, ms_loss: 0.39629068970680237, torch_memory: 8272.706256866455MB, ms_memory:  8272.706256866455MB, torch_time: 0.061783552169799805, ms_time:  0.04914045333862305
INFO 2024-05-12 22:55:10 - run_lstm.py:145 - batch: 6400, torch_loss: 0.699539840221405, ms_loss: 0.4542805552482605, torch_memory: 8272.710159301758MB, ms_memory:  8272.710159301758MB, torch_time: 0.06137704849243164, ms_time:  0.049223899841308594
INFO 2024-05-12 22:55:10 - run_lstm.py:164 - epoch: 17, torch_loss_avg: 0.6863553810119629, ms_loss_avg: 0.35275277495384216, torch_memory_avg: 8272.710159301758MB, ms_memory_avg:  8272.710159301758MB, torch_time_avg: 0.06137704849243164, ms_time_avg:  0.049223899841308594
INFO 2024-05-12 22:55:45 - run_lstm.py:188 - Mindspore Test Accuracy: 0.8229433418693982% Pytorch Test Accuracy: 0.546294814340589%
INFO 2024-05-12 22:55:45 - run_lstm.py:103 - ----------------------------
INFO 2024-05-12 22:55:45 - run_lstm.py:104 - epoch: 18/30
INFO 2024-05-12 22:55:45 - run_lstm.py:145 - batch: 0, torch_loss: 0.684531569480896, ms_loss: 0.3250851035118103, torch_memory: 8272.74137878418MB, ms_memory:  8272.74137878418MB, torch_time: 0.061775922775268555, ms_time:  0.05047345161437988
INFO 2024-05-12 22:55:56 - run_lstm.py:145 - batch: 3200, torch_loss: 0.6967946290969849, ms_loss: 0.2739007771015167, torch_memory: 8272.745281219482MB, ms_memory:  8272.745281219482MB, torch_time: 0.06165432929992676, ms_time:  0.04906916618347168
INFO 2024-05-12 22:56:07 - run_lstm.py:145 - batch: 6400, torch_loss: 0.6930738091468811, ms_loss: 0.2489265352487564, torch_memory: 8272.745281219482MB, ms_memory:  8272.745281219482MB, torch_time: 0.06149625778198242, ms_time:  0.04959702491760254
INFO 2024-05-12 22:56:07 - run_lstm.py:164 - epoch: 18, torch_loss_avg: 0.6857698008418083, ms_loss_avg: 0.35021644830703735, torch_memory_avg: 8272.745281219482MB, ms_memory_avg:  8272.745281219482MB, torch_time_avg: 0.06149625778198242, ms_time_avg:  0.04959702491760254
INFO 2024-05-12 22:56:43 - run_lstm.py:188 - Mindspore Test Accuracy: 0.8444702304737516% Pytorch Test Accuracy: 0.5607394366197183%
INFO 2024-05-12 22:56:43 - run_lstm.py:103 - ----------------------------
INFO 2024-05-12 22:56:43 - run_lstm.py:104 - epoch: 19/30
INFO 2024-05-12 22:56:43 - run_lstm.py:145 - batch: 0, torch_loss: 0.7000073790550232, ms_loss: 0.44510868191719055, torch_memory: 8272.745281219482MB, ms_memory:  8272.745281219482MB, torch_time: 0.061696767807006836, ms_time:  0.04993128776550293
INFO 2024-05-12 22:56:54 - run_lstm.py:145 - batch: 3200, torch_loss: 0.6972460746765137, ms_loss: 0.3046722710132599, torch_memory: 8272.745281219482MB, ms_memory:  8272.745281219482MB, torch_time: 0.06190681457519531, ms_time:  0.049225568771362305
INFO 2024-05-12 22:57:03 - run_lstm.py:164 - epoch: 19, torch_loss_avg: 0.6856743529271544, ms_loss_avg: 0.3400641977787018, torch_memory_avg: 8272.749183654785MB, ms_memory_avg:  8272.749183654785MB, torch_time_avg: 0.06207394599914551, ms_time_avg:  0.04933500289916992
INFO 2024-05-12 22:57:38 - run_lstm.py:188 - Mindspore Test Accuracy: 0.8446302816901409% Pytorch Test Accuracy: 0.5469750320102432%
INFO 2024-05-12 22:57:38 - run_lstm.py:103 - ----------------------------
INFO 2024-05-12 22:57:38 - run_lstm.py:104 - epoch: 20/30
INFO 2024-05-12 22:57:38 - run_lstm.py:145 - batch: 0, torch_loss: 0.6734765768051147, ms_loss: 0.1730995923280716, torch_memory: 8272.749183654785MB, ms_memory:  8272.749183654785MB, torch_time: 0.06143999099731445, ms_time:  0.049904584884643555
INFO 2024-05-12 22:57:49 - run_lstm.py:145 - batch: 3200, torch_loss: 0.6843732595443726, ms_loss: 0.23799173533916473, torch_memory: 8272.749183654785MB, ms_memory:  8272.749183654785MB, torch_time: 0.06143832206726074, ms_time:  0.04930853843688965
INFO 2024-05-12 22:58:00 - run_lstm.py:145 - batch: 6400, torch_loss: 0.6770118474960327, ms_loss: 0.32356396317481995, torch_memory: 8272.749183654785MB, ms_memory:  8272.749183654785MB, torch_time: 0.06155729293823242, ms_time:  0.049158334732055664
INFO 2024-05-12 22:58:00 - run_lstm.py:164 - epoch: 20, torch_loss_avg: 0.6829722332954407, ms_loss_avg: 0.3314628303050995, torch_memory_avg: 8272.749183654785MB, ms_memory_avg:  8272.749183654785MB, torch_time_avg: 0.06155729293823242, ms_time_avg:  0.049158334732055664
INFO 2024-05-12 22:58:36 - run_lstm.py:188 - Mindspore Test Accuracy: 0.8464308578745199% Pytorch Test Accuracy: 0.5592589628681178%
INFO 2024-05-12 22:58:36 - run_lstm.py:103 - ----------------------------
INFO 2024-05-12 22:58:36 - run_lstm.py:104 - epoch: 21/30
INFO 2024-05-12 22:58:36 - run_lstm.py:145 - batch: 0, torch_loss: 0.6709422469139099, ms_loss: 0.2693653702735901, torch_memory: 8272.749183654785MB, ms_memory:  8272.749183654785MB, torch_time: 0.061391592025756836, ms_time:  0.04984426498413086
INFO 2024-05-12 22:58:47 - run_lstm.py:145 - batch: 3200, torch_loss: 0.6509050726890564, ms_loss: 0.46418100595474243, torch_memory: 8272.749183654785MB, ms_memory:  8272.749183654785MB, torch_time: 0.06202244758605957, ms_time:  0.049067020416259766
INFO 2024-05-12 22:58:58 - run_lstm.py:145 - batch: 6400, torch_loss: 0.6812005043029785, ms_loss: 0.3720371425151825, torch_memory: 8272.749183654785MB, ms_memory:  8272.749183654785MB, torch_time: 0.0612330436706543, ms_time:  0.0493619441986084
INFO 2024-05-12 22:58:58 - run_lstm.py:164 - epoch: 21, torch_loss_avg: 0.6816256895661355, ms_loss_avg: 0.3237631916999817, torch_memory_avg: 8272.749183654785MB, ms_memory_avg:  8272.749183654785MB, torch_time_avg: 0.0612330436706543, ms_time_avg:  0.0493619441986084
INFO 2024-05-12 22:59:34 - run_lstm.py:188 - Mindspore Test Accuracy: 0.8427896927016645% Pytorch Test Accuracy: 0.5572583226632523%
INFO 2024-05-12 22:59:34 - run_lstm.py:103 - ----------------------------
INFO 2024-05-12 22:59:34 - run_lstm.py:104 - epoch: 22/30
INFO 2024-05-12 22:59:34 - run_lstm.py:145 - batch: 0, torch_loss: 0.6751494407653809, ms_loss: 0.12673696875572205, torch_memory: 8272.749183654785MB, ms_memory:  8272.749183654785MB, torch_time: 0.06128978729248047, ms_time:  0.04925966262817383
INFO 2024-05-12 22:59:45 - run_lstm.py:145 - batch: 3200, torch_loss: 0.6460269689559937, ms_loss: 0.4104522466659546, torch_memory: 8272.749183654785MB, ms_memory:  8272.749183654785MB, torch_time: 0.06177258491516113, ms_time:  0.048841238021850586
INFO 2024-05-12 22:59:56 - run_lstm.py:145 - batch: 6400, torch_loss: 0.7083234786987305, ms_loss: 0.2541039288043976, torch_memory: 8272.749183654785MB, ms_memory:  8272.749183654785MB, torch_time: 0.062300920486450195, ms_time:  0.04903745651245117
INFO 2024-05-12 22:59:56 - run_lstm.py:164 - epoch: 22, torch_loss_avg: 0.6802977705001831, ms_loss_avg: 0.3185573220252991, torch_memory_avg: 8272.749183654785MB, ms_memory_avg:  8272.749183654785MB, torch_time_avg: 0.062300920486450195, ms_time_avg:  0.04903745651245117
INFO 2024-05-12 23:00:32 - run_lstm.py:188 - Mindspore Test Accuracy: 0.8419894366197183% Pytorch Test Accuracy: 0.5691021126760564%
INFO 2024-05-12 23:00:32 - run_lstm.py:103 - ----------------------------
INFO 2024-05-12 23:00:32 - run_lstm.py:104 - epoch: 23/30
INFO 2024-05-12 23:00:32 - run_lstm.py:145 - batch: 0, torch_loss: 0.6963825821876526, ms_loss: 0.29414308071136475, torch_memory: 8272.749183654785MB, ms_memory:  8272.749183654785MB, torch_time: 0.061562299728393555, ms_time:  0.05032992362976074
INFO 2024-05-12 23:00:43 - run_lstm.py:145 - batch: 3200, torch_loss: 0.6820924878120422, ms_loss: 0.263704389333725, torch_memory: 8272.749183654785MB, ms_memory:  8272.749183654785MB, torch_time: 0.0616910457611084, ms_time:  0.04907679557800293
INFO 2024-05-12 23:00:51 - run_lstm.py:164 - epoch: 23, torch_loss_avg: 0.6815601674358497, ms_loss_avg: 0.3306278586387634, torch_memory_avg: 8272.749183654785MB, ms_memory_avg:  8272.749183654785MB, torch_time_avg: 0.06231546401977539, ms_time_avg:  0.04933643341064453
INFO 2024-05-12 23:01:27 - run_lstm.py:188 - Mindspore Test Accuracy: 0.8282250320102432% Pytorch Test Accuracy: 0.5746638924455826%
INFO 2024-05-12 23:01:27 - run_lstm.py:103 - ----------------------------
INFO 2024-05-12 23:01:27 - run_lstm.py:104 - epoch: 24/30
INFO 2024-05-12 23:01:27 - run_lstm.py:145 - batch: 0, torch_loss: 0.6552041172981262, ms_loss: 0.2530771493911743, torch_memory: 8272.749183654785MB, ms_memory:  8272.749183654785MB, torch_time: 0.062253475189208984, ms_time:  0.05042862892150879
INFO 2024-05-12 23:01:39 - run_lstm.py:145 - batch: 3200, torch_loss: 0.6318275928497314, ms_loss: 0.3543814718723297, torch_memory: 8272.749183654785MB, ms_memory:  8272.749183654785MB, torch_time: 0.06310296058654785, ms_time:  0.04932427406311035
INFO 2024-05-12 23:01:50 - run_lstm.py:145 - batch: 6400, torch_loss: 0.7024551630020142, ms_loss: 0.4954472780227661, torch_memory: 8272.749183654785MB, ms_memory:  8272.749183654785MB, torch_time: 0.06220364570617676, ms_time:  0.04911398887634277
INFO 2024-05-12 23:01:50 - run_lstm.py:164 - epoch: 24, torch_loss_avg: 0.6768788343667984, ms_loss_avg: 0.2959247827529907, torch_memory_avg: 8272.749183654785MB, ms_memory_avg:  8272.749183654785MB, torch_time_avg: 0.06220364570617676, ms_time_avg:  0.04911398887634277
INFO 2024-05-12 23:02:25 - run_lstm.py:188 - Mindspore Test Accuracy: 0.8482314340588989% Pytorch Test Accuracy: 0.572663252240717%
INFO 2024-05-12 23:02:25 - run_lstm.py:103 - ----------------------------
INFO 2024-05-12 23:02:25 - run_lstm.py:104 - epoch: 25/30
INFO 2024-05-12 23:02:26 - run_lstm.py:145 - batch: 0, torch_loss: 0.6604104042053223, ms_loss: 0.1993684023618698, torch_memory: 8272.749183654785MB, ms_memory:  8272.749183654785MB, torch_time: 0.06235527992248535, ms_time:  0.04983854293823242
INFO 2024-05-12 23:02:37 - run_lstm.py:145 - batch: 3200, torch_loss: 0.7145503163337708, ms_loss: 0.48894912004470825, torch_memory: 8272.749183654785MB, ms_memory:  8272.749183654785MB, torch_time: 0.06347942352294922, ms_time:  0.04905581474304199
INFO 2024-05-12 23:02:48 - run_lstm.py:145 - batch: 6400, torch_loss: 0.6389063596725464, ms_loss: 0.23031829297542572, torch_memory: 8272.749183654785MB, ms_memory:  8272.749183654785MB, torch_time: 0.06301617622375488, ms_time:  0.04936861991882324
INFO 2024-05-12 23:02:48 - run_lstm.py:164 - epoch: 25, torch_loss_avg: 0.6724497634172439, ms_loss_avg: 0.31125423312187195, torch_memory_avg: 8272.749183654785MB, ms_memory_avg:  8272.749183654785MB, torch_time_avg: 0.06301617622375488, ms_time_avg:  0.04936861991882324
INFO 2024-05-12 23:03:24 - run_lstm.py:188 - Mindspore Test Accuracy: 0.8498719590268886% Pytorch Test Accuracy: 0.5799455825864277%
INFO 2024-05-12 23:03:24 - run_lstm.py:103 - ----------------------------
INFO 2024-05-12 23:03:24 - run_lstm.py:104 - epoch: 26/30
INFO 2024-05-12 23:03:24 - run_lstm.py:145 - batch: 0, torch_loss: 0.6763578653335571, ms_loss: 0.1179777979850769, torch_memory: 8272.749183654785MB, ms_memory:  8272.749183654785MB, torch_time: 0.061545372009277344, ms_time:  0.049799203872680664
INFO 2024-05-12 23:03:35 - run_lstm.py:145 - batch: 3200, torch_loss: 0.6463753581047058, ms_loss: 0.18182481825351715, torch_memory: 8272.749183654785MB, ms_memory:  8272.749183654785MB, torch_time: 0.0630028247833252, ms_time:  0.04883980751037598
INFO 2024-05-12 23:03:46 - run_lstm.py:145 - batch: 6400, torch_loss: 0.6786025762557983, ms_loss: 0.2739872634410858, torch_memory: 8272.749183654785MB, ms_memory:  8272.749183654785MB, torch_time: 0.06325173377990723, ms_time:  0.049086570739746094
INFO 2024-05-12 23:03:46 - run_lstm.py:164 - epoch: 26, torch_loss_avg: 0.6700454506278039, ms_loss_avg: 0.30667173862457275, torch_memory_avg: 8272.749183654785MB, ms_memory_avg:  8272.749183654785MB, torch_time_avg: 0.06325173377990723, ms_time_avg:  0.049086570739746094
INFO 2024-05-12 23:04:22 - run_lstm.py:188 - Mindspore Test Accuracy: 0.8465909090909091% Pytorch Test Accuracy: 0.5875480153649167%
INFO 2024-05-12 23:04:22 - run_lstm.py:103 - ----------------------------
INFO 2024-05-12 23:04:22 - run_lstm.py:104 - epoch: 27/30
INFO 2024-05-12 23:04:22 - run_lstm.py:145 - batch: 0, torch_loss: 0.6432603597640991, ms_loss: 0.2607414424419403, torch_memory: 8272.749183654785MB, ms_memory:  8272.749183654785MB, torch_time: 0.062244415283203125, ms_time:  0.04964089393615723
INFO 2024-05-12 23:04:33 - run_lstm.py:145 - batch: 3200, torch_loss: 0.6955466270446777, ms_loss: 0.37248125672340393, torch_memory: 8272.749183654785MB, ms_memory:  8272.749183654785MB, torch_time: 0.06317734718322754, ms_time:  0.049324750900268555
INFO 2024-05-12 23:04:42 - run_lstm.py:164 - epoch: 27, torch_loss_avg: 0.6677563210551658, ms_loss_avg: 0.3098866641521454, torch_memory_avg: 8272.803817749023MB, ms_memory_avg:  8272.803817749023MB, torch_time_avg: 0.0622715950012207, ms_time_avg:  0.04930305480957031
INFO 2024-05-12 23:05:17 - run_lstm.py:188 - Mindspore Test Accuracy: 0.8516725352112676% Pytorch Test Accuracy: 0.5997519206145967%
INFO 2024-05-12 23:05:17 - run_lstm.py:103 - ----------------------------
INFO 2024-05-12 23:05:17 - run_lstm.py:104 - epoch: 28/30
INFO 2024-05-12 23:05:17 - run_lstm.py:145 - batch: 0, torch_loss: 0.6533946990966797, ms_loss: 0.33517029881477356, torch_memory: 8272.803817749023MB, ms_memory:  8272.803817749023MB, torch_time: 0.06178617477416992, ms_time:  0.049849748611450195
INFO 2024-05-12 23:05:29 - run_lstm.py:145 - batch: 3200, torch_loss: 0.6468390822410583, ms_loss: 0.6146601438522339, torch_memory: 8272.803817749023MB, ms_memory:  8272.803817749023MB, torch_time: 0.06222105026245117, ms_time:  0.049299001693725586
INFO 2024-05-12 23:05:40 - run_lstm.py:145 - batch: 6400, torch_loss: 0.690129280090332, ms_loss: 0.25786373019218445, torch_memory: 8272.803817749023MB, ms_memory:  8272.803817749023MB, torch_time: 0.062354326248168945, ms_time:  0.0493922233581543
INFO 2024-05-12 23:05:40 - run_lstm.py:164 - epoch: 28, torch_loss_avg: 0.6598345384001731, ms_loss_avg: 0.27437248826026917, torch_memory_avg: 8272.803817749023MB, ms_memory_avg:  8272.803817749023MB, torch_time_avg: 0.062354326248168945, ms_time_avg:  0.0493922233581543
INFO 2024-05-12 23:06:15 - run_lstm.py:188 - Mindspore Test Accuracy: 0.8246238796414853% Pytorch Test Accuracy: 0.5897887323943662%
INFO 2024-05-12 23:06:15 - run_lstm.py:103 - ----------------------------
INFO 2024-05-12 23:06:15 - run_lstm.py:104 - epoch: 29/30
INFO 2024-05-12 23:06:15 - run_lstm.py:145 - batch: 0, torch_loss: 0.6477396488189697, ms_loss: 0.20741064846515656, torch_memory: 8272.835037231445MB, ms_memory:  8272.835037231445MB, torch_time: 0.0620574951171875, ms_time:  0.0500485897064209
INFO 2024-05-12 23:06:27 - run_lstm.py:145 - batch: 3200, torch_loss: 0.6733139753341675, ms_loss: 0.3160761296749115, torch_memory: 8272.835037231445MB, ms_memory:  8272.835037231445MB, torch_time: 0.06146883964538574, ms_time:  0.04919147491455078
INFO 2024-05-12 23:06:38 - run_lstm.py:145 - batch: 6400, torch_loss: 0.6382753849029541, ms_loss: 0.24533939361572266, torch_memory: 8272.835037231445MB, ms_memory:  8272.835037231445MB, torch_time: 0.06255459785461426, ms_time:  0.04914116859436035
INFO 2024-05-12 23:06:38 - run_lstm.py:164 - epoch: 29, torch_loss_avg: 0.6475782871246338, ms_loss_avg: 0.2837992310523987, torch_memory_avg: 8272.835037231445MB, ms_memory_avg:  8272.835037231445MB, torch_time_avg: 0.06255459785461426, ms_time_avg:  0.04914116859436035
INFO 2024-05-12 23:07:13 - run_lstm.py:188 - Mindspore Test Accuracy: 0.8480313700384123% Pytorch Test Accuracy: 0.6170774647887324%
