INFO 2024-04-26 21:57:56 - run_textcnn.py:82 - ----------------------------
INFO 2024-04-26 21:57:56 - run_textcnn.py:83 - epoch: 0/30
INFO 2024-04-26 21:57:59 - run_textcnn.py:126 - batch: 0, torch_loss: 0.42766252160072327, ms_loss: 0.9790287017822266, torch_memory: 5655.556831359863MB, ms_memory:  7584.413047790527MB, torch_time: 0.040972232818603516, ms_time:  2.0573537349700928
INFO 2024-04-26 21:58:01 - run_textcnn.py:126 - batch: 3200, torch_loss: 1.3496261835098267, ms_loss: 1.8680839538574219, torch_memory: 7586.556667327881MB, ms_memory:  7586.556667327881MB, torch_time: 0.003444671630859375, ms_time:  0.005507946014404297
INFO 2024-04-26 21:58:04 - run_textcnn.py:126 - batch: 6400, torch_loss: 2.0326602458953857, ms_loss: 0.9723950028419495, torch_memory: 7587.157642364502MB, ms_memory:  7587.157642364502MB, torch_time: 0.003386974334716797, ms_time:  0.007451534271240234
INFO 2024-04-26 21:58:07 - run_textcnn.py:144 - epoch: 0, torch_loss_avg: 1.9173752944605007, ms_loss_avg: 1.704388976097107, torch_memory_avg: 7587.629837036133MB, ms_memory_avg:  7587.633743286133MB, torch_time_avg: 0.0033740997314453125, ms_time_avg:  0.007583141326904297
INFO 2024-04-26 21:58:07 - run_textcnn.py:174 - Mindspore Test Accuracy: 0.5056818181818182% Pytorch Test Accuracy: 0.4952651515151515%
INFO 2024-04-26 21:58:07 - run_textcnn.py:82 - ----------------------------
INFO 2024-04-26 21:58:07 - run_textcnn.py:83 - epoch: 1/30
INFO 2024-04-26 21:58:07 - run_textcnn.py:126 - batch: 0, torch_loss: 1.8489353656768799, ms_loss: 0.9326064586639404, torch_memory: 7587.703983306885MB, ms_memory:  7587.703983306885MB, torch_time: 0.004981040954589844, ms_time:  0.009353399276733398
INFO 2024-04-26 21:58:10 - run_textcnn.py:126 - batch: 3200, torch_loss: 1.5217337608337402, ms_loss: 1.4565110206604004, torch_memory: 7588.3400802612305MB, ms_memory:  7588.3400802612305MB, torch_time: 0.0033409595489501953, ms_time:  0.005576133728027344
INFO 2024-04-26 21:58:13 - run_textcnn.py:126 - batch: 6400, torch_loss: 1.2346789836883545, ms_loss: 0.8975138664245605, torch_memory: 7588.347885131836MB, ms_memory:  7588.347885131836MB, torch_time: 0.003343820571899414, ms_time:  0.007493734359741211
INFO 2024-04-26 21:58:16 - run_textcnn.py:144 - epoch: 1, torch_loss_avg: 1.2844537366991458, ms_loss_avg: 1.2037996053695679, torch_memory_avg: 7588.359592437744MB, ms_memory_avg:  7588.359592437744MB, torch_time_avg: 0.0033462047576904297, ms_time_avg:  0.00755763053894043
INFO 2024-04-26 21:58:16 - run_textcnn.py:174 - Mindspore Test Accuracy: 0.5123106060606061% Pytorch Test Accuracy: 0.5047348484848485%
INFO 2024-04-26 21:58:16 - run_textcnn.py:82 - ----------------------------
INFO 2024-04-26 21:58:16 - run_textcnn.py:83 - epoch: 2/30
INFO 2024-04-26 21:58:16 - run_textcnn.py:126 - batch: 0, torch_loss: 0.8786119222640991, ms_loss: 0.9011168479919434, torch_memory: 7588.464958190918MB, ms_memory:  7588.464958190918MB, torch_time: 0.003945589065551758, ms_time:  0.008458852767944336
INFO 2024-04-26 21:58:19 - run_textcnn.py:126 - batch: 3200, torch_loss: 0.8233787417411804, ms_loss: 1.127742052078247, torch_memory: 7588.58203125MB, ms_memory:  7588.58203125MB, torch_time: 0.0034618377685546875, ms_time:  0.0085296630859375
INFO 2024-04-26 21:58:22 - run_textcnn.py:126 - batch: 6400, torch_loss: 1.1023088693618774, ms_loss: 0.6489787101745605, torch_memory: 7588.5898361206055MB, ms_memory:  7588.5898361206055MB, torch_time: 0.003311634063720703, ms_time:  0.008508682250976562
INFO 2024-04-26 21:58:25 - run_textcnn.py:144 - epoch: 2, torch_loss_avg: 0.8929137860652197, ms_loss_avg: 0.983028769493103, torch_memory_avg: 7588.5898361206055MB, ms_memory_avg:  7588.5898361206055MB, torch_time_avg: 0.0033295154571533203, ms_time_avg:  0.0085296630859375
INFO 2024-04-26 21:58:25 - run_textcnn.py:174 - Mindspore Test Accuracy: 0.5482954545454546% Pytorch Test Accuracy: 0.4952651515151515%
INFO 2024-04-26 21:58:25 - run_textcnn.py:82 - ----------------------------
INFO 2024-04-26 21:58:25 - run_textcnn.py:83 - epoch: 3/30
INFO 2024-04-26 21:58:25 - run_textcnn.py:126 - batch: 0, torch_loss: 0.6643272042274475, ms_loss: 0.7053025960922241, torch_memory: 7588.5898361206055MB, ms_memory:  7588.5898361206055MB, torch_time: 0.003973245620727539, ms_time:  0.008448123931884766
INFO 2024-04-26 21:58:28 - run_textcnn.py:126 - batch: 3200, torch_loss: 0.7409681081771851, ms_loss: 0.9089982509613037, torch_memory: 7588.5898361206055MB, ms_memory:  7588.5898361206055MB, torch_time: 0.0033423900604248047, ms_time:  0.008470296859741211
INFO 2024-04-26 21:58:31 - run_textcnn.py:126 - batch: 6400, torch_loss: 0.6556662321090698, ms_loss: 0.6867350339889526, torch_memory: 7588.5898361206055MB, ms_memory:  7588.5898361206055MB, torch_time: 0.003316640853881836, ms_time:  0.008532285690307617
INFO 2024-04-26 21:58:34 - run_textcnn.py:144 - epoch: 3, torch_loss_avg: 0.6268465315617845, ms_loss_avg: 0.8772493004798889, torch_memory_avg: 7588.640567779541MB, ms_memory_avg:  7588.640567779541MB, torch_time_avg: 0.003451108932495117, ms_time_avg:  0.010376691818237305
INFO 2024-04-26 21:58:34 - run_textcnn.py:174 - Mindspore Test Accuracy: 0.5142045454545454% Pytorch Test Accuracy: 0.5047348484848485%
INFO 2024-04-26 21:58:34 - run_textcnn.py:82 - ----------------------------
INFO 2024-04-26 21:58:34 - run_textcnn.py:83 - epoch: 4/30
INFO 2024-04-26 21:58:34 - run_textcnn.py:126 - batch: 0, torch_loss: 0.5549997687339783, ms_loss: 0.7817490100860596, torch_memory: 7588.808372497559MB, ms_memory:  7588.808372497559MB, torch_time: 0.00400543212890625, ms_time:  0.008479118347167969
INFO 2024-04-26 21:58:37 - run_textcnn.py:126 - batch: 3200, torch_loss: 0.42117708921432495, ms_loss: 0.8119274377822876, torch_memory: 7588.808372497559MB, ms_memory:  7588.808372497559MB, torch_time: 0.003358125686645508, ms_time:  0.008565664291381836
INFO 2024-04-26 21:58:40 - run_textcnn.py:126 - batch: 6400, torch_loss: 0.48310697078704834, ms_loss: 0.7667068839073181, torch_memory: 7588.808372497559MB, ms_memory:  7588.808372497559MB, torch_time: 0.0032939910888671875, ms_time:  0.008501768112182617
INFO 2024-04-26 21:58:43 - run_textcnn.py:144 - epoch: 4, torch_loss_avg: 0.44629530788065996, ms_loss_avg: 0.8048607110977173, torch_memory_avg: 7588.808372497559MB, ms_memory_avg:  7588.808372497559MB, torch_time_avg: 0.0034389495849609375, ms_time_avg:  0.008573055267333984
INFO 2024-04-26 21:58:43 - run_textcnn.py:174 - Mindspore Test Accuracy: 0.5179924242424242% Pytorch Test Accuracy: 0.4952651515151515%
INFO 2024-04-26 21:58:43 - run_textcnn.py:82 - ----------------------------
INFO 2024-04-26 21:58:43 - run_textcnn.py:83 - epoch: 5/30
INFO 2024-04-26 21:58:43 - run_textcnn.py:126 - batch: 0, torch_loss: 0.3692070245742798, ms_loss: 0.6210950613021851, torch_memory: 7588.808372497559MB, ms_memory:  7588.808372497559MB, torch_time: 0.003938913345336914, ms_time:  0.008470773696899414
INFO 2024-04-26 21:58:46 - run_textcnn.py:126 - batch: 3200, torch_loss: 0.35214629769325256, ms_loss: 0.8458824157714844, torch_memory: 7588.808372497559MB, ms_memory:  7588.808372497559MB, torch_time: 0.0033566951751708984, ms_time:  0.008556842803955078
INFO 2024-04-26 21:58:48 - run_textcnn.py:126 - batch: 6400, torch_loss: 0.35480862855911255, ms_loss: 0.5828691720962524, torch_memory: 7588.808372497559MB, ms_memory:  7588.808372497559MB, torch_time: 0.0034339427947998047, ms_time:  0.008555173873901367
INFO 2024-04-26 21:58:51 - run_textcnn.py:144 - epoch: 5, torch_loss_avg: 0.3254034998624221, ms_loss_avg: 0.7727828621864319, torch_memory_avg: 7588.812274932861MB, ms_memory_avg:  7588.812274932861MB, torch_time_avg: 0.003432035446166992, ms_time_avg:  0.008508920669555664
INFO 2024-04-26 21:58:51 - run_textcnn.py:174 - Mindspore Test Accuracy: 0.5587121212121212% Pytorch Test Accuracy: 0.5047348484848485%
INFO 2024-04-26 21:58:51 - run_textcnn.py:82 - ----------------------------
INFO 2024-04-26 21:58:51 - run_textcnn.py:83 - epoch: 6/30
INFO 2024-04-26 21:58:51 - run_textcnn.py:126 - batch: 0, torch_loss: 0.3129969835281372, ms_loss: 0.7405765056610107, torch_memory: 7588.812274932861MB, ms_memory:  7588.812274932861MB, torch_time: 0.003958463668823242, ms_time:  0.008432626724243164
INFO 2024-04-26 21:58:54 - run_textcnn.py:126 - batch: 3200, torch_loss: 0.2111085206270218, ms_loss: 0.6824837923049927, torch_memory: 7588.812274932861MB, ms_memory:  7588.812274932861MB, torch_time: 0.003374338150024414, ms_time:  0.008505105972290039
INFO 2024-04-26 21:58:57 - run_textcnn.py:126 - batch: 6400, torch_loss: 0.24959790706634521, ms_loss: 0.6350956559181213, torch_memory: 7588.816177368164MB, ms_memory:  7588.816177368164MB, torch_time: 0.00335693359375, ms_time:  0.008503437042236328
INFO 2024-04-26 21:59:00 - run_textcnn.py:144 - epoch: 6, torch_loss_avg: 0.24242143896112475, ms_loss_avg: 0.749396800994873, torch_memory_avg: 7588.820079803467MB, ms_memory_avg:  7588.820079803467MB, torch_time_avg: 0.0033006668090820312, ms_time_avg:  0.008554697036743164
INFO 2024-04-26 21:59:00 - run_textcnn.py:174 - Mindspore Test Accuracy: 0.4962121212121212% Pytorch Test Accuracy: 0.4952651515151515%
INFO 2024-04-26 21:59:00 - run_textcnn.py:82 - ----------------------------
INFO 2024-04-26 21:59:00 - run_textcnn.py:83 - epoch: 7/30
INFO 2024-04-26 21:59:00 - run_textcnn.py:126 - batch: 0, torch_loss: 0.22103023529052734, ms_loss: 0.8031315207481384, torch_memory: 7588.820079803467MB, ms_memory:  7588.820079803467MB, torch_time: 0.0039215087890625, ms_time:  0.008447647094726562
INFO 2024-04-26 21:59:03 - run_textcnn.py:126 - batch: 3200, torch_loss: 0.18558281660079956, ms_loss: 0.7111343145370483, torch_memory: 7588.870811462402MB, ms_memory:  7588.870811462402MB, torch_time: 0.003406524658203125, ms_time:  0.008528709411621094
INFO 2024-04-26 21:59:06 - run_textcnn.py:126 - batch: 6400, torch_loss: 0.18922846019268036, ms_loss: 0.6908248662948608, torch_memory: 7588.870811462402MB, ms_memory:  7588.870811462402MB, torch_time: 0.003353595733642578, ms_time:  0.00849151611328125
INFO 2024-04-26 21:59:09 - run_textcnn.py:144 - epoch: 7, torch_loss_avg: 0.17950027857137762, ms_loss_avg: 0.7306841015815735, torch_memory_avg: 7588.874713897705MB, ms_memory_avg:  7588.874713897705MB, torch_time_avg: 0.0033922195434570312, ms_time_avg:  0.008497953414916992
INFO 2024-04-26 21:59:09 - run_textcnn.py:174 - Mindspore Test Accuracy: 0.4981060606060606% Pytorch Test Accuracy: 0.5047348484848485%
INFO 2024-04-26 21:59:09 - run_textcnn.py:82 - ----------------------------
INFO 2024-04-26 21:59:09 - run_textcnn.py:83 - epoch: 8/30
INFO 2024-04-26 21:59:09 - run_textcnn.py:126 - batch: 0, torch_loss: 0.1565007120370865, ms_loss: 0.8340460658073425, torch_memory: 7588.874713897705MB, ms_memory:  7588.874713897705MB, torch_time: 0.003924369812011719, ms_time:  0.008476018905639648
INFO 2024-04-26 21:59:12 - run_textcnn.py:126 - batch: 3200, torch_loss: 0.10852611809968948, ms_loss: 0.6539508104324341, torch_memory: 7588.874713897705MB, ms_memory:  7588.874713897705MB, torch_time: 0.0033538341522216797, ms_time:  0.008526086807250977
INFO 2024-04-26 21:59:15 - run_textcnn.py:126 - batch: 6400, torch_loss: 0.1600576788187027, ms_loss: 0.6616852283477783, torch_memory: 7588.874713897705MB, ms_memory:  7588.874713897705MB, torch_time: 0.0034546852111816406, ms_time:  0.008519411087036133
INFO 2024-04-26 21:59:18 - run_textcnn.py:144 - epoch: 8, torch_loss_avg: 0.13639990158104975, ms_loss_avg: 0.7170236706733704, torch_memory_avg: 7588.874713897705MB, ms_memory_avg:  7588.874713897705MB, torch_time_avg: 0.003367185592651367, ms_time_avg:  0.008542060852050781
INFO 2024-04-26 21:59:18 - run_textcnn.py:174 - Mindspore Test Accuracy: 0.5104166666666666% Pytorch Test Accuracy: 0.4952651515151515%
INFO 2024-04-26 21:59:18 - run_textcnn.py:82 - ----------------------------
INFO 2024-04-26 21:59:18 - run_textcnn.py:83 - epoch: 9/30
INFO 2024-04-26 21:59:18 - run_textcnn.py:126 - batch: 0, torch_loss: 0.1309194713830948, ms_loss: 0.6746489405632019, torch_memory: 7588.874713897705MB, ms_memory:  7588.874713897705MB, torch_time: 0.003966569900512695, ms_time:  0.008461475372314453
INFO 2024-04-26 21:59:21 - run_textcnn.py:126 - batch: 3200, torch_loss: 0.10099011659622192, ms_loss: 0.6511008143424988, torch_memory: 7588.874713897705MB, ms_memory:  7588.874713897705MB, torch_time: 0.003314971923828125, ms_time:  0.008519649505615234
INFO 2024-04-26 21:59:24 - run_textcnn.py:126 - batch: 6400, torch_loss: 0.08869150280952454, ms_loss: 0.8199481964111328, torch_memory: 7588.874713897705MB, ms_memory:  7588.874713897705MB, torch_time: 0.0032796859741210938, ms_time:  0.008536577224731445
INFO 2024-04-26 21:59:27 - run_textcnn.py:144 - epoch: 9, torch_loss_avg: 0.1035525395992807, ms_loss_avg: 0.7121793031692505, torch_memory_avg: 7588.874713897705MB, ms_memory_avg:  7588.874713897705MB, torch_time_avg: 0.003543376922607422, ms_time_avg:  0.008258342742919922
INFO 2024-04-26 21:59:27 - run_textcnn.py:174 - Mindspore Test Accuracy: 0.6060606060606061% Pytorch Test Accuracy: 0.5047348484848485%
INFO 2024-04-26 21:59:27 - run_textcnn.py:82 - ----------------------------
INFO 2024-04-26 21:59:27 - run_textcnn.py:83 - epoch: 10/30
INFO 2024-04-26 21:59:27 - run_textcnn.py:126 - batch: 0, torch_loss: 0.09473196417093277, ms_loss: 0.6879070997238159, torch_memory: 7588.874713897705MB, ms_memory:  7588.874713897705MB, torch_time: 0.004477262496948242, ms_time:  0.008373737335205078
INFO 2024-04-26 21:59:30 - run_textcnn.py:126 - batch: 3200, torch_loss: 0.06867261976003647, ms_loss: 0.6664998531341553, torch_memory: 7588.874713897705MB, ms_memory:  7588.874713897705MB, torch_time: 0.0036101341247558594, ms_time:  0.007473945617675781
INFO 2024-04-26 21:59:33 - run_textcnn.py:126 - batch: 6400, torch_loss: 0.0847194492816925, ms_loss: 0.7555375695228577, torch_memory: 7588.874713897705MB, ms_memory:  7588.874713897705MB, torch_time: 0.003515005111694336, ms_time:  0.007428884506225586
INFO 2024-04-26 21:59:36 - run_textcnn.py:144 - epoch: 10, torch_loss_avg: 0.08022848260043855, ms_loss_avg: 0.693824052810669, torch_memory_avg: 7588.874713897705MB, ms_memory_avg:  7588.874713897705MB, torch_time_avg: 0.003561735153198242, ms_time_avg:  0.008225202560424805
INFO 2024-04-26 21:59:36 - run_textcnn.py:174 - Mindspore Test Accuracy: 0.5473484848484849% Pytorch Test Accuracy: 0.4952651515151515%
INFO 2024-04-26 21:59:36 - run_textcnn.py:82 - ----------------------------
INFO 2024-04-26 21:59:36 - run_textcnn.py:83 - epoch: 11/30
INFO 2024-04-26 21:59:36 - run_textcnn.py:126 - batch: 0, torch_loss: 0.07811082154512405, ms_loss: 0.6812437772750854, torch_memory: 7588.874713897705MB, ms_memory:  7588.874713897705MB, torch_time: 0.004511356353759766, ms_time:  0.008384227752685547
INFO 2024-04-26 21:59:39 - run_textcnn.py:126 - batch: 3200, torch_loss: 0.05499228090047836, ms_loss: 0.6529741287231445, torch_memory: 7588.874713897705MB, ms_memory:  7588.874713897705MB, torch_time: 0.0035924911499023438, ms_time:  0.008322954177856445
INFO 2024-04-26 21:59:42 - run_textcnn.py:126 - batch: 6400, torch_loss: 0.05821317434310913, ms_loss: 0.6482325196266174, torch_memory: 7588.874713897705MB, ms_memory:  7588.874713897705MB, torch_time: 0.0035622119903564453, ms_time:  0.007429599761962891
INFO 2024-04-26 21:59:44 - run_textcnn.py:144 - epoch: 11, torch_loss_avg: 0.062002349999985565, ms_loss_avg: 0.6830832958221436, torch_memory_avg: 7588.874713897705MB, ms_memory_avg:  7588.874713897705MB, torch_time_avg: 0.003606557846069336, ms_time_avg:  0.00824880599975586
INFO 2024-04-26 21:59:45 - run_textcnn.py:174 - Mindspore Test Accuracy: 0.5568181818181818% Pytorch Test Accuracy: 0.5047348484848485%
INFO 2024-04-26 21:59:45 - run_textcnn.py:82 - ----------------------------
INFO 2024-04-26 21:59:45 - run_textcnn.py:83 - epoch: 12/30
INFO 2024-04-26 21:59:45 - run_textcnn.py:126 - batch: 0, torch_loss: 0.059740640223026276, ms_loss: 0.6525269746780396, torch_memory: 7588.874713897705MB, ms_memory:  7588.874713897705MB, torch_time: 0.004374027252197266, ms_time:  0.008370637893676758
INFO 2024-04-26 21:59:48 - run_textcnn.py:126 - batch: 3200, torch_loss: 0.04751729592680931, ms_loss: 0.6145220398902893, torch_memory: 7588.874713897705MB, ms_memory:  7588.874713897705MB, torch_time: 0.0035750865936279297, ms_time:  0.007437705993652344
INFO 2024-04-26 21:59:51 - run_textcnn.py:126 - batch: 6400, torch_loss: 0.04829445853829384, ms_loss: 0.6074392795562744, torch_memory: 7588.874713897705MB, ms_memory:  7588.874713897705MB, torch_time: 0.0036339759826660156, ms_time:  0.007441520690917969
INFO 2024-04-26 21:59:53 - run_textcnn.py:144 - epoch: 12, torch_loss_avg: 0.04888155637153216, ms_loss_avg: 0.6779190301895142, torch_memory_avg: 7588.874713897705MB, ms_memory_avg:  7588.874713897705MB, torch_time_avg: 0.003609895706176758, ms_time_avg:  0.008269309997558594
INFO 2024-04-26 21:59:54 - run_textcnn.py:174 - Mindspore Test Accuracy: 0.6098484848484849% Pytorch Test Accuracy: 0.4952651515151515%
INFO 2024-04-26 21:59:54 - run_textcnn.py:82 - ----------------------------
INFO 2024-04-26 21:59:54 - run_textcnn.py:83 - epoch: 13/30
INFO 2024-04-26 21:59:54 - run_textcnn.py:126 - batch: 0, torch_loss: 0.04703296720981598, ms_loss: 0.66573166847229, torch_memory: 7588.874713897705MB, ms_memory:  7588.874713897705MB, torch_time: 0.004314422607421875, ms_time:  0.008378744125366211
INFO 2024-04-26 21:59:57 - run_textcnn.py:126 - batch: 3200, torch_loss: 0.035184066742658615, ms_loss: 0.690268337726593, torch_memory: 7588.874713897705MB, ms_memory:  7588.874713897705MB, torch_time: 0.00360870361328125, ms_time:  0.007414340972900391
INFO 2024-04-26 21:59:59 - run_textcnn.py:126 - batch: 6400, torch_loss: 0.036749467253685, ms_loss: 0.6024244427680969, torch_memory: 7588.999591827393MB, ms_memory:  7588.999591827393MB, torch_time: 0.0035381317138671875, ms_time:  0.008238792419433594
INFO 2024-04-26 22:00:02 - run_textcnn.py:144 - epoch: 13, torch_loss_avg: 0.03851579701883039, ms_loss_avg: 0.6611035466194153, torch_memory_avg: 7588.999591827393MB, ms_memory_avg:  7588.999591827393MB, torch_time_avg: 0.0035734176635742188, ms_time_avg:  0.007455587387084961
INFO 2024-04-26 22:00:02 - run_textcnn.py:174 - Mindspore Test Accuracy: 0.5350378787878788% Pytorch Test Accuracy: 0.5047348484848485%
INFO 2024-04-26 22:00:02 - run_textcnn.py:82 - ----------------------------
INFO 2024-04-26 22:00:02 - run_textcnn.py:83 - epoch: 14/30
INFO 2024-04-26 22:00:02 - run_textcnn.py:126 - batch: 0, torch_loss: 0.039268575608730316, ms_loss: 0.6349887847900391, torch_memory: 7588.999591827393MB, ms_memory:  7588.999591827393MB, torch_time: 0.004396915435791016, ms_time:  0.008348464965820312
INFO 2024-04-26 22:00:05 - run_textcnn.py:126 - batch: 3200, torch_loss: 0.031119665130972862, ms_loss: 0.5607246160507202, torch_memory: 7588.999591827393MB, ms_memory:  7588.999591827393MB, torch_time: 0.0035610198974609375, ms_time:  0.007495403289794922
INFO 2024-04-26 22:00:08 - run_textcnn.py:126 - batch: 6400, torch_loss: 0.028499046340584755, ms_loss: 0.7162429094314575, torch_memory: 7588.999591827393MB, ms_memory:  7588.999591827393MB, torch_time: 0.003598928451538086, ms_time:  0.008376359939575195
INFO 2024-04-26 22:00:11 - run_textcnn.py:144 - epoch: 14, torch_loss_avg: 0.031245018368007547, ms_loss_avg: 0.6552712917327881, torch_memory_avg: 7588.999591827393MB, ms_memory_avg:  7588.999591827393MB, torch_time_avg: 0.003608226776123047, ms_time_avg:  0.0075185298919677734
INFO 2024-04-26 22:00:11 - run_textcnn.py:174 - Mindspore Test Accuracy: 0.5871212121212122% Pytorch Test Accuracy: 0.4952651515151515%
INFO 2024-04-26 22:00:11 - run_textcnn.py:82 - ----------------------------
INFO 2024-04-26 22:00:11 - run_textcnn.py:83 - epoch: 15/30
INFO 2024-04-26 22:00:11 - run_textcnn.py:126 - batch: 0, torch_loss: 0.02839728258550167, ms_loss: 0.6891841888427734, torch_memory: 7588.999591827393MB, ms_memory:  7588.999591827393MB, torch_time: 0.004418134689331055, ms_time:  0.00833582878112793
INFO 2024-04-26 22:00:14 - run_textcnn.py:126 - batch: 3200, torch_loss: 0.02314344048500061, ms_loss: 0.7123764157295227, torch_memory: 7588.999591827393MB, ms_memory:  7588.999591827393MB, torch_time: 0.0035703182220458984, ms_time:  0.0074193477630615234
INFO 2024-04-26 22:00:17 - run_textcnn.py:126 - batch: 6400, torch_loss: 0.02273954637348652, ms_loss: 0.6237555742263794, torch_memory: 7588.999591827393MB, ms_memory:  7588.999591827393MB, torch_time: 0.003619670867919922, ms_time:  0.007419109344482422
INFO 2024-04-26 22:00:20 - run_textcnn.py:144 - epoch: 15, torch_loss_avg: 0.02531888205744949, ms_loss_avg: 0.6449533700942993, torch_memory_avg: 7588.999591827393MB, ms_memory_avg:  7588.999591827393MB, torch_time_avg: 0.0036165714263916016, ms_time_avg:  0.00824880599975586
INFO 2024-04-26 22:00:20 - run_textcnn.py:174 - Mindspore Test Accuracy: 0.615530303030303% Pytorch Test Accuracy: 0.5047348484848485%
INFO 2024-04-26 22:00:20 - run_textcnn.py:82 - ----------------------------
INFO 2024-04-26 22:00:20 - run_textcnn.py:83 - epoch: 16/30
INFO 2024-04-26 22:00:20 - run_textcnn.py:126 - batch: 0, torch_loss: 0.028866754844784737, ms_loss: 0.6604453325271606, torch_memory: 7588.999591827393MB, ms_memory:  7588.999591827393MB, torch_time: 0.004389524459838867, ms_time:  0.008364677429199219
INFO 2024-04-26 22:00:23 - run_textcnn.py:126 - batch: 3200, torch_loss: 0.02238037809729576, ms_loss: 0.5850892663002014, torch_memory: 7589.003494262695MB, ms_memory:  7589.003494262695MB, torch_time: 0.00356292724609375, ms_time:  0.0075681209564208984
INFO 2024-04-26 22:00:26 - run_textcnn.py:126 - batch: 6400, torch_loss: 0.019776897504925728, ms_loss: 0.4873563349246979, torch_memory: 7589.003494262695MB, ms_memory:  7589.003494262695MB, torch_time: 0.0035762786865234375, ms_time:  0.005597352981567383
INFO 2024-04-26 22:00:29 - run_textcnn.py:144 - epoch: 16, torch_loss_avg: 0.02112559545286822, ms_loss_avg: 0.6348789930343628, torch_memory_avg: 7589.003494262695MB, ms_memory_avg:  7589.003494262695MB, torch_time_avg: 0.003622293472290039, ms_time_avg:  0.00746464729309082
INFO 2024-04-26 22:00:29 - run_textcnn.py:174 - Mindspore Test Accuracy: 0.5975378787878788% Pytorch Test Accuracy: 0.4952651515151515%
INFO 2024-04-26 22:00:29 - run_textcnn.py:82 - ----------------------------
INFO 2024-04-26 22:00:29 - run_textcnn.py:83 - epoch: 17/30
INFO 2024-04-26 22:00:29 - run_textcnn.py:126 - batch: 0, torch_loss: 0.023839926347136497, ms_loss: 0.6911605596542358, torch_memory: 7589.003494262695MB, ms_memory:  7589.003494262695MB, torch_time: 0.004313468933105469, ms_time:  0.00834035873413086
INFO 2024-04-26 22:00:32 - run_textcnn.py:126 - batch: 3200, torch_loss: 0.016786709427833557, ms_loss: 0.6925229430198669, torch_memory: 7589.003494262695MB, ms_memory:  7589.003494262695MB, torch_time: 0.003567218780517578, ms_time:  0.007493019104003906
INFO 2024-04-26 22:00:35 - run_textcnn.py:126 - batch: 6400, torch_loss: 0.015400076285004616, ms_loss: 0.5723321437835693, torch_memory: 7589.003494262695MB, ms_memory:  7589.003494262695MB, torch_time: 0.0035889148712158203, ms_time:  0.007437705993652344
INFO 2024-04-26 22:00:38 - run_textcnn.py:144 - epoch: 17, torch_loss_avg: 0.017684191392180214, ms_loss_avg: 0.6211632490158081, torch_memory_avg: 7589.003494262695MB, ms_memory_avg:  7589.003494262695MB, torch_time_avg: 0.00363922119140625, ms_time_avg:  0.008348226547241211
INFO 2024-04-26 22:00:38 - run_textcnn.py:174 - Mindspore Test Accuracy: 0.625% Pytorch Test Accuracy: 0.5047348484848485%
INFO 2024-04-26 22:00:38 - run_textcnn.py:82 - ----------------------------
INFO 2024-04-26 22:00:38 - run_textcnn.py:83 - epoch: 18/30
INFO 2024-04-26 22:00:38 - run_textcnn.py:126 - batch: 0, torch_loss: 0.015552407130599022, ms_loss: 0.6585660576820374, torch_memory: 7589.003494262695MB, ms_memory:  7589.003494262695MB, torch_time: 0.004518985748291016, ms_time:  0.008337736129760742
INFO 2024-04-26 22:00:41 - run_textcnn.py:126 - batch: 3200, torch_loss: 0.014785882085561752, ms_loss: 0.556794285774231, torch_memory: 7589.003494262695MB, ms_memory:  7589.003494262695MB, torch_time: 0.003610372543334961, ms_time:  0.008360862731933594
INFO 2024-04-26 22:00:44 - run_textcnn.py:126 - batch: 6400, torch_loss: 0.014534277841448784, ms_loss: 0.608799159526825, torch_memory: 7589.003494262695MB, ms_memory:  7589.003494262695MB, torch_time: 0.0036096572875976562, ms_time:  0.0075757503509521484
INFO 2024-04-26 22:00:47 - run_textcnn.py:144 - epoch: 18, torch_loss_avg: 0.01511956977324691, ms_loss_avg: 0.6219860315322876, torch_memory_avg: 7589.003494262695MB, ms_memory_avg:  7589.003494262695MB, torch_time_avg: 0.003542184829711914, ms_time_avg:  0.007520437240600586
INFO 2024-04-26 22:00:47 - run_textcnn.py:174 - Mindspore Test Accuracy: 0.6212121212121212% Pytorch Test Accuracy: 0.4952651515151515%
INFO 2024-04-26 22:00:47 - run_textcnn.py:82 - ----------------------------
INFO 2024-04-26 22:00:47 - run_textcnn.py:83 - epoch: 19/30
INFO 2024-04-26 22:00:47 - run_textcnn.py:126 - batch: 0, torch_loss: 0.01824246533215046, ms_loss: 0.5057389140129089, torch_memory: 7589.003494262695MB, ms_memory:  7589.003494262695MB, torch_time: 0.004443645477294922, ms_time:  0.008355140686035156
INFO 2024-04-26 22:00:50 - run_textcnn.py:126 - batch: 3200, torch_loss: 0.013706405647099018, ms_loss: 0.6336455345153809, torch_memory: 7589.003494262695MB, ms_memory:  7589.003494262695MB, torch_time: 0.003482818603515625, ms_time:  0.008275508880615234
INFO 2024-04-26 22:00:53 - run_textcnn.py:126 - batch: 6400, torch_loss: 0.012491308152675629, ms_loss: 0.5977910757064819, torch_memory: 7589.003494262695MB, ms_memory:  7589.003494262695MB, torch_time: 0.0035398006439208984, ms_time:  0.00747227668762207
INFO 2024-04-26 22:00:56 - run_textcnn.py:144 - epoch: 19, torch_loss_avg: 0.013164179863713458, ms_loss_avg: 0.610609233379364, torch_memory_avg: 7589.003494262695MB, ms_memory_avg:  7589.003494262695MB, torch_time_avg: 0.003548145294189453, ms_time_avg:  0.008329391479492188
INFO 2024-04-26 22:00:56 - run_textcnn.py:174 - Mindspore Test Accuracy: 0.615530303030303% Pytorch Test Accuracy: 0.5047348484848485%
INFO 2024-04-26 22:00:56 - run_textcnn.py:82 - ----------------------------
INFO 2024-04-26 22:00:56 - run_textcnn.py:83 - epoch: 20/30
INFO 2024-04-26 22:00:56 - run_textcnn.py:126 - batch: 0, torch_loss: 0.01650213450193405, ms_loss: 0.5316337943077087, torch_memory: 7589.003494262695MB, ms_memory:  7589.003494262695MB, torch_time: 0.004416227340698242, ms_time:  0.008363008499145508
INFO 2024-04-26 22:00:59 - run_textcnn.py:126 - batch: 3200, torch_loss: 0.011469632387161255, ms_loss: 0.6481562852859497, torch_memory: 7589.003494262695MB, ms_memory:  7589.003494262695MB, torch_time: 0.0035986900329589844, ms_time:  0.008388519287109375
INFO 2024-04-26 22:01:02 - run_textcnn.py:126 - batch: 6400, torch_loss: 0.01049951184540987, ms_loss: 0.7001261711120605, torch_memory: 7589.003494262695MB, ms_memory:  7589.003494262695MB, torch_time: 0.00356292724609375, ms_time:  0.007569551467895508
INFO 2024-04-26 22:01:05 - run_textcnn.py:144 - epoch: 20, torch_loss_avg: 0.011640145895024606, ms_loss_avg: 0.6012874245643616, torch_memory_avg: 7589.003494262695MB, ms_memory_avg:  7589.003494262695MB, torch_time_avg: 0.0035924911499023438, ms_time_avg:  0.007436513900756836
INFO 2024-04-26 22:01:05 - run_textcnn.py:174 - Mindspore Test Accuracy: 0.625% Pytorch Test Accuracy: 0.4952651515151515%
INFO 2024-04-26 22:01:05 - run_textcnn.py:82 - ----------------------------
INFO 2024-04-26 22:01:05 - run_textcnn.py:83 - epoch: 21/30
INFO 2024-04-26 22:01:05 - run_textcnn.py:126 - batch: 0, torch_loss: 0.010555101558566093, ms_loss: 0.5901613235473633, torch_memory: 7589.003494262695MB, ms_memory:  7589.003494262695MB, torch_time: 0.0043523311614990234, ms_time:  0.008371829986572266
INFO 2024-04-26 22:01:08 - run_textcnn.py:126 - batch: 3200, torch_loss: 0.011120770126581192, ms_loss: 0.6504908800125122, torch_memory: 7589.003494262695MB, ms_memory:  7589.003494262695MB, torch_time: 0.0035963058471679688, ms_time:  0.007425069808959961
INFO 2024-04-26 22:01:11 - run_textcnn.py:126 - batch: 6400, torch_loss: 0.010698754340410233, ms_loss: 0.528664231300354, torch_memory: 7589.003494262695MB, ms_memory:  7589.003494262695MB, torch_time: 0.0035872459411621094, ms_time:  0.008316755294799805
INFO 2024-04-26 22:01:14 - run_textcnn.py:144 - epoch: 21, torch_loss_avg: 0.010401850824795639, ms_loss_avg: 0.5963740348815918, torch_memory_avg: 7589.003494262695MB, ms_memory_avg:  7589.003494262695MB, torch_time_avg: 0.003545522689819336, ms_time_avg:  0.008222341537475586
INFO 2024-04-26 22:01:14 - run_textcnn.py:174 - Mindspore Test Accuracy: 0.6193181818181818% Pytorch Test Accuracy: 0.5047348484848485%
INFO 2024-04-26 22:01:14 - run_textcnn.py:82 - ----------------------------
INFO 2024-04-26 22:01:14 - run_textcnn.py:83 - epoch: 22/30
INFO 2024-04-26 22:01:14 - run_textcnn.py:126 - batch: 0, torch_loss: 0.010840854607522488, ms_loss: 0.6419625282287598, torch_memory: 7589.003494262695MB, ms_memory:  7589.003494262695MB, torch_time: 0.0044023990631103516, ms_time:  0.008348464965820312
INFO 2024-04-26 22:01:17 - run_textcnn.py:126 - batch: 3200, torch_loss: 0.010277627035975456, ms_loss: 0.549994707107544, torch_memory: 7589.003494262695MB, ms_memory:  7589.003494262695MB, torch_time: 0.0035865306854248047, ms_time:  0.0082855224609375
INFO 2024-04-26 22:01:20 - run_textcnn.py:126 - batch: 6400, torch_loss: 0.010109183378517628, ms_loss: 0.6133914589881897, torch_memory: 7589.003494262695MB, ms_memory:  7589.003494262695MB, torch_time: 0.003511667251586914, ms_time:  0.008280515670776367
INFO 2024-04-26 22:01:23 - run_textcnn.py:144 - epoch: 22, torch_loss_avg: 0.009424011643514984, ms_loss_avg: 0.584592342376709, torch_memory_avg: 7589.003494262695MB, ms_memory_avg:  7589.003494262695MB, torch_time_avg: 0.0035598278045654297, ms_time_avg:  0.008383750915527344
INFO 2024-04-26 22:01:23 - run_textcnn.py:174 - Mindspore Test Accuracy: 0.6297348484848485% Pytorch Test Accuracy: 0.4952651515151515%
INFO 2024-04-26 22:01:23 - run_textcnn.py:82 - ----------------------------
INFO 2024-04-26 22:01:23 - run_textcnn.py:83 - epoch: 23/30
INFO 2024-04-26 22:01:23 - run_textcnn.py:126 - batch: 0, torch_loss: 0.009923884645104408, ms_loss: 0.7762117981910706, torch_memory: 7589.058128356934MB, ms_memory:  7589.058128356934MB, torch_time: 0.004338264465332031, ms_time:  0.008368730545043945
INFO 2024-04-26 22:01:26 - run_textcnn.py:126 - batch: 3200, torch_loss: 0.009336390532553196, ms_loss: 0.595717191696167, torch_memory: 7589.058128356934MB, ms_memory:  7589.058128356934MB, torch_time: 0.0035529136657714844, ms_time:  0.007532596588134766
INFO 2024-04-26 22:01:29 - run_textcnn.py:126 - batch: 6400, torch_loss: 0.009354272857308388, ms_loss: 0.5537115335464478, torch_memory: 7589.058128356934MB, ms_memory:  7589.058128356934MB, torch_time: 0.0035741329193115234, ms_time:  0.00832676887512207
INFO 2024-04-26 22:01:31 - run_textcnn.py:144 - epoch: 23, torch_loss_avg: 0.008641360187435828, ms_loss_avg: 0.58505779504776, torch_memory_avg: 7589.058128356934MB, ms_memory_avg:  7589.058128356934MB, torch_time_avg: 0.003565549850463867, ms_time_avg:  0.0075473785400390625
INFO 2024-04-26 22:01:32 - run_textcnn.py:174 - Mindspore Test Accuracy: 0.6079545454545454% Pytorch Test Accuracy: 0.5047348484848485%
INFO 2024-04-26 22:01:32 - run_textcnn.py:82 - ----------------------------
INFO 2024-04-26 22:01:32 - run_textcnn.py:83 - epoch: 24/30
INFO 2024-04-26 22:01:32 - run_textcnn.py:126 - batch: 0, torch_loss: 0.011255590245127678, ms_loss: 0.631001353263855, torch_memory: 7589.108860015869MB, ms_memory:  7589.108860015869MB, torch_time: 0.0043354034423828125, ms_time:  0.008369922637939453
INFO 2024-04-26 22:01:35 - run_textcnn.py:126 - batch: 3200, torch_loss: 0.008756803348660469, ms_loss: 0.5158565044403076, torch_memory: 7589.108860015869MB, ms_memory:  7589.108860015869MB, torch_time: 0.003497600555419922, ms_time:  0.008255243301391602
INFO 2024-04-26 22:01:37 - run_textcnn.py:126 - batch: 6400, torch_loss: 0.009309211745858192, ms_loss: 0.7175859212875366, torch_memory: 7589.108860015869MB, ms_memory:  7589.108860015869MB, torch_time: 0.0034928321838378906, ms_time:  0.008382797241210938
INFO 2024-04-26 22:01:40 - run_textcnn.py:144 - epoch: 24, torch_loss_avg: 0.008025310182925252, ms_loss_avg: 0.5825259685516357, torch_memory_avg: 7589.108860015869MB, ms_memory_avg:  7589.108860015869MB, torch_time_avg: 0.0032684803009033203, ms_time_avg:  0.0055239200592041016
INFO 2024-04-26 22:01:40 - run_textcnn.py:174 - Mindspore Test Accuracy: 0.6410984848484849% Pytorch Test Accuracy: 0.4952651515151515%
INFO 2024-04-26 22:01:40 - run_textcnn.py:82 - ----------------------------
INFO 2024-04-26 22:01:40 - run_textcnn.py:83 - epoch: 25/30
INFO 2024-04-26 22:01:40 - run_textcnn.py:126 - batch: 0, torch_loss: 0.009324506856501102, ms_loss: 0.5967273712158203, torch_memory: 7589.108860015869MB, ms_memory:  7589.108860015869MB, torch_time: 0.0038597583770751953, ms_time:  0.007493257522583008
INFO 2024-04-26 22:01:43 - run_textcnn.py:126 - batch: 3200, torch_loss: 0.007440114393830299, ms_loss: 0.6261087656021118, torch_memory: 7589.116664886475MB, ms_memory:  7589.116664886475MB, torch_time: 0.0032966136932373047, ms_time:  0.005320072174072266
INFO 2024-04-26 22:01:46 - run_textcnn.py:126 - batch: 6400, torch_loss: 0.007871878333389759, ms_loss: 0.587591290473938, torch_memory: 7589.116664886475MB, ms_memory:  7589.116664886475MB, torch_time: 0.0032646656036376953, ms_time:  0.005323171615600586
INFO 2024-04-26 22:01:49 - run_textcnn.py:144 - epoch: 25, torch_loss_avg: 0.007582949373223211, ms_loss_avg: 0.5632055997848511, torch_memory_avg: 7589.116664886475MB, ms_memory_avg:  7589.116664886475MB, torch_time_avg: 0.0033233165740966797, ms_time_avg:  0.0053064823150634766
INFO 2024-04-26 22:01:49 - run_textcnn.py:174 - Mindspore Test Accuracy: 0.6316287878787878% Pytorch Test Accuracy: 0.5047348484848485%
INFO 2024-04-26 22:01:49 - run_textcnn.py:82 - ----------------------------
INFO 2024-04-26 22:01:49 - run_textcnn.py:83 - epoch: 26/30
INFO 2024-04-26 22:01:49 - run_textcnn.py:126 - batch: 0, torch_loss: 0.007242376450449228, ms_loss: 0.44995182752609253, torch_memory: 7589.116664886475MB, ms_memory:  7589.116664886475MB, torch_time: 0.003873586654663086, ms_time:  0.0074846744537353516
INFO 2024-04-26 22:01:52 - run_textcnn.py:126 - batch: 3200, torch_loss: 0.007916062138974667, ms_loss: 0.6207255125045776, torch_memory: 7589.120567321777MB, ms_memory:  7589.120567321777MB, torch_time: 0.003306865692138672, ms_time:  0.005206584930419922
INFO 2024-04-26 22:01:55 - run_textcnn.py:126 - batch: 6400, torch_loss: 0.00824956689029932, ms_loss: 0.6795694828033447, torch_memory: 7589.120567321777MB, ms_memory:  7589.120567321777MB, torch_time: 0.0033614635467529297, ms_time:  0.007492542266845703
INFO 2024-04-26 22:01:58 - run_textcnn.py:144 - epoch: 26, torch_loss_avg: 0.007192847303373359, ms_loss_avg: 0.5557906627655029, torch_memory_avg: 7589.120567321777MB, ms_memory_avg:  7589.120567321777MB, torch_time_avg: 0.0033097267150878906, ms_time_avg:  0.005453348159790039
INFO 2024-04-26 22:01:58 - run_textcnn.py:174 - Mindspore Test Accuracy: 0.6392045454545454% Pytorch Test Accuracy: 0.4952651515151515%
INFO 2024-04-26 22:01:58 - run_textcnn.py:82 - ----------------------------
INFO 2024-04-26 22:01:58 - run_textcnn.py:83 - epoch: 27/30
INFO 2024-04-26 22:01:58 - run_textcnn.py:126 - batch: 0, torch_loss: 0.007887668907642365, ms_loss: 0.5524601936340332, torch_memory: 7589.120567321777MB, ms_memory:  7589.120567321777MB, torch_time: 0.003959178924560547, ms_time:  0.007409811019897461
INFO 2024-04-26 22:02:01 - run_textcnn.py:126 - batch: 3200, torch_loss: 0.006415652111172676, ms_loss: 0.6295188665390015, torch_memory: 7589.120567321777MB, ms_memory:  7589.120567321777MB, torch_time: 0.003465414047241211, ms_time:  0.008385896682739258
INFO 2024-04-26 22:02:04 - run_textcnn.py:126 - batch: 6400, torch_loss: 0.007735165301710367, ms_loss: 0.4417400658130646, torch_memory: 7589.120567321777MB, ms_memory:  7589.120567321777MB, torch_time: 0.0032532215118408203, ms_time:  0.005527019500732422
INFO 2024-04-26 22:02:07 - run_textcnn.py:144 - epoch: 27, torch_loss_avg: 0.006852646442410539, ms_loss_avg: 0.5486444234848022, torch_memory_avg: 7589.120567321777MB, ms_memory_avg:  7589.120567321777MB, torch_time_avg: 0.0033080577850341797, ms_time_avg:  0.005453824996948242
INFO 2024-04-26 22:02:07 - run_textcnn.py:174 - Mindspore Test Accuracy: 0.6354166666666666% Pytorch Test Accuracy: 0.5047348484848485%
INFO 2024-04-26 22:02:07 - run_textcnn.py:82 - ----------------------------
INFO 2024-04-26 22:02:07 - run_textcnn.py:83 - epoch: 28/30
INFO 2024-04-26 22:02:07 - run_textcnn.py:126 - batch: 0, torch_loss: 0.007683783303946257, ms_loss: 0.42052486538887024, torch_memory: 7589.120567321777MB, ms_memory:  7589.120567321777MB, torch_time: 0.003872394561767578, ms_time:  0.008276224136352539
INFO 2024-04-26 22:02:10 - run_textcnn.py:126 - batch: 3200, torch_loss: 0.007263395003974438, ms_loss: 0.5164527893066406, torch_memory: 7589.120567321777MB, ms_memory:  7589.120567321777MB, torch_time: 0.0032863616943359375, ms_time:  0.008400917053222656
INFO 2024-04-26 22:02:13 - run_textcnn.py:126 - batch: 6400, torch_loss: 0.007737176492810249, ms_loss: 0.5642805099487305, torch_memory: 7589.120567321777MB, ms_memory:  7589.120567321777MB, torch_time: 0.0032744407653808594, ms_time:  0.008373022079467773
INFO 2024-04-26 22:02:16 - run_textcnn.py:144 - epoch: 28, torch_loss_avg: 0.006636014226886341, ms_loss_avg: 0.5365087985992432, torch_memory_avg: 7589.120567321777MB, ms_memory_avg:  7589.120567321777MB, torch_time_avg: 0.0032939910888671875, ms_time_avg:  0.00758671760559082
INFO 2024-04-26 22:02:16 - run_textcnn.py:174 - Mindspore Test Accuracy: 0.6373106060606061% Pytorch Test Accuracy: 0.4952651515151515%
INFO 2024-04-26 22:02:16 - run_textcnn.py:82 - ----------------------------
INFO 2024-04-26 22:02:16 - run_textcnn.py:83 - epoch: 29/30
INFO 2024-04-26 22:02:16 - run_textcnn.py:126 - batch: 0, torch_loss: 0.007089701015502214, ms_loss: 0.6636009216308594, torch_memory: 7589.120567321777MB, ms_memory:  7589.120567321777MB, torch_time: 0.003410816192626953, ms_time:  0.008432388305664062
INFO 2024-04-26 22:02:19 - run_textcnn.py:126 - batch: 3200, torch_loss: 0.006882206536829472, ms_loss: 0.5555214881896973, torch_memory: 7589.120567321777MB, ms_memory:  7589.120567321777MB, torch_time: 0.003307819366455078, ms_time:  0.007566690444946289
INFO 2024-04-26 22:02:22 - run_textcnn.py:126 - batch: 6400, torch_loss: 0.007451549172401428, ms_loss: 0.6090688705444336, torch_memory: 7589.120567321777MB, ms_memory:  7589.120567321777MB, torch_time: 0.003245115280151367, ms_time:  0.008415937423706055
INFO 2024-04-26 22:02:24 - run_textcnn.py:144 - epoch: 29, torch_loss_avg: 0.006478387589899692, ms_loss_avg: 0.5395379066467285, torch_memory_avg: 7589.222030639648MB, ms_memory_avg:  7589.222030639648MB, torch_time_avg: 0.0028488636016845703, ms_time_avg:  0.008394241333007812
INFO 2024-04-26 22:02:24 - run_textcnn.py:174 - Mindspore Test Accuracy: 0.6164772727272727% Pytorch Test Accuracy: 0.5047348484848485%
